32   INFO  [Worker-3: Launching Led1 TriCore Debug (TASKING)] Log5J : ***  40.6494  ***  **********************************************************
33   INFO  [Worker-3: Launching Led1 TriCore Debug (TASKING)] Log5J : ***  41.3795  ***  Logger configuration successful. Configuration file used: 
33   INFO  [Worker-3: Launching Led1 TriCore Debug (TASKING)] Log5J : ***  41.4573  ***  C:\Infineon\AURIX-Studio-1.10.6\configuration\org.eclipse.osgi\362\0\.cp\lib\log4j.properties
33   INFO  [Worker-3: Launching Led1 TriCore Debug (TASKING)] Log5J : ***  41.5122  ***  **********************************************************
36   INFO  [Worker-3: Launching Led1 TriCore Debug (TASKING)] ISysPluginConfiguration : ***  43.918  ***  Loading debug plugin properties from 'C:\Infineon\AURIX-Studio-1.10.6\isys_debugger_configuration.json'
216  INFO  [Worker-3: Launching Led1 TriCore Debug (TASKING)] ISysPluginConfiguration : ***  224.8067  ***  Loaded plugin configuration:
	 - Enable embedded: false
	 - Enable portable false
	 - Default selection: Custom
	 - Default install path: '\winIDEA'
217  INFO  [Worker-3: Launching Led1 TriCore Debug (TASKING)] ISystemPreferences : ***  225.0278  ***  State location loaded at C:\Proyectos\20220123 Control Motores\3-Software\Desarrollo\.metadata\.plugins\si.isystem.eclipse.debug
217  INFO  [Worker-3: Launching Led1 TriCore Debug (TASKING)] ISystemPreferences : ***  225.7961  ***  Preferences loaded: Install type: Custom, Custom path: '\winIDEA'
221  INFO  [Worker-3: Launching Led1 TriCore Debug (TASKING)] ISysDebugPlugin : ***  229.1369  ***  Starting Plugin si.isystem.eclipse.debug version 921.25900.179258.
225  INFO  [Worker-3: Launching Led1 TriCore Debug (TASKING)] ISysDebugPlugin : ***  232.9838  ***  Plugin si.isystem.eclipse.debug started.
225  INFO  [Worker-3: Launching Led1 TriCore Debug (TASKING)] ISysDebugPlugin : ***  233.0809  ***  winIDEA installation cancelled because embedded winIDEA is not allowed.
225  INFO  [Worker-3: Launching Led1 TriCore Debug (TASKING)] ISysDebugPlugin : ***  233.138  ***  Plugin started: si.isystem.eclipse.debug
4565 INFO  [si.isystem.eclipse.debug - 0] ISysAbstractDsfService : ***  4573.7679  ***  ISysConnectionService initialization(super) started.
4575 INFO  [si.isystem.eclipse.debug - 0] IConLaunchManager : ***  4583.9062  ***  
Starting debug session using launch configuration paramenters: 
 - Launch name = 'Led1 TriCore Debug (TASKING)'
 - Project name = 'Led1'
 - Project path = 'C:/Proyectos/20220123 Control Motores/3-Software/Desarrollo/Led1'
 - Output file = 'TriCore Debug (TASKING)\Led1.elf'
 - Stop on startup = 'true'
 - Stop on startup location = 'core0_main'
 - Verbose mode = false' - Invisible winIDEA = 'true'
 - Bring winIDEA to top = 'true'
 - Verify download = 'true'
 - Analyze source files = 'false'
 - Shutdown winIDEA at terminate session = 'true'
 - Save winIDEA workspace = 'true'
 - winIDEA workspace path = '.ads/winIDEAWorkspaces/TriCore-Debug-(TASKING)/ADS.xjrf'
 - full winIDEA workspace path = 'C:\Proyectos\20220123 Control Motores\3-Software\Desarrollo\Led1\.ads\winIDEAWorkspaces\TriCore-Debug-(TASKING)\ADS.xjrf'
 - Device = 'TC375T'
 - Hardware = 'IFX_DAS'
 - Communication = 'USB'
 - Hardware debugger = ''
 - Image check = 'Default'
 - Create SMP = 'true'

4578 INFO  [si.isystem.eclipse.debug - 0] ISysSessionManager : ***  4586.5437  ***  Connecting to winIDEA 'C:\Infineon\AURIX-Studio-1.10.6\winIDEA\' with workspace 'C:\Proyectos\20220123 Control Motores\3-Software\Desarrollo\Led1\.ads\winIDEAWorkspaces\TriCore-Debug-(TASKING)\ADS.xjrf', winIDEA-ID: 'com.tasking.winIDEA.instance.id-Led1 TriCore Debug (TASKING)', visible: false, CLI args: '/HideCrashDumpMessage'
7472 INFO  [si.isystem.eclipse.debug - 0] ISysConfigOptions : ***  7480.0803  ***  DAS Servers:
7472 INFO  [si.isystem.eclipse.debug - 0] ISysConfigOptions : ***  7480.4444  ***  [i] = 'IFX_DAS: DAS JDS AURIX LITE KIT V2.0 (TC375) LK7KKLPW [USB]'
7472 INFO  [si.isystem.eclipse.debug - 0] ISysConfigOptions : ***  7480.5816  ***  Loading DAS Server list finished. [364ms]
7507 INFO  [si.isystem.eclipse.debug - 0] ISysSessionManager : ***  7515.6651  ***  Connected to winIDEA and setup workspace.
7508 INFO  [si.isystem.eclipse.debug - 0] ISysSessionManager : ***  7516.6869  ***  Version of isystem.connect for Java: 9.21.259.0
7509 INFO  [si.isystem.eclipse.debug - 0] ISysSessionManager : ***  7516.8774  ***  Version of isystem.connect DLL: 9.21.259.0.0
7509 INFO  [si.isystem.eclipse.debug - 0] ISysSessionManager : ***  7517.3099  ***  Version of winIDEA: 9.21.253
7509 INFO  [si.isystem.eclipse.debug - 0] ISysSessionManager : ***  7517.4186  ***  Downloading ...
8903 INFO  [si.isystem.eclipse.debug - 0] ISysSessionManager : ***  8912.2184  ***  Downloading finished.
8904 DEBUG [si.isystem.eclipse.debug - 0] IConLaunchManager : ***  8912.3998  ***  Deleting all breakpoints...
8996 INFO  [si.isystem.eclipse.debug - 0] IConLaunchManager : ***  9005.1329  ***  Connected to target.
8996 INFO  [si.isystem.eclipse.debug - 0] IConLaunchManager : ***  9005.2927  ***  Log level set to INFO
9129 INFO  [si.isystem.eclipse.debug - 0] ISysAbstractDsfService : ***  9137.7265  ***  ISysConnectionService initialization(super) finished.
9129 INFO  [si.isystem.eclipse.debug - 0] ISysAbstractDsfService : ***  9137.9812  ***  ISysConnectionService initialization(main) started.
9130 INFO  [si.isystem.eclipse.debug - 0] ISysAbstractDsfService : ***  9138.5754  ***  ISysConnectionService initialization(main) finished.
9130 INFO  [si.isystem.eclipse.debug - 0] ISysAbstractDsfService : ***  9138.7881  ***  ISysConnectionService initialization(sub) finished.
9132 INFO  [si.isystem.eclipse.debug - 0] ISysAbstractDsfService : ***  9140.5109  ***  ISysCommandControl initialization(super) started.
9134 INFO  [Worker-10: Command Executor Job] ISysAbstractDsfService : ***  9142.9746  ***  Command Executor Job started.
9135 INFO  [si.isystem.eclipse.debug - 0] ISysAbstractDsfService : ***  9143.4937  ***  ISysCommandControl initialization(super) finished.
9135 INFO  [si.isystem.eclipse.debug - 0] ISysAbstractDsfService : ***  9143.6554  ***  ISysCommandControl initialization(main) started.
9136 INFO  [si.isystem.eclipse.debug - 0] ISysAbstractDsfService : ***  9144.9774  ***  ISysCommandControl initialization(main) finished.
9137 INFO  [si.isystem.eclipse.debug - 0] ISysAbstractDsfService : ***  9145.2106  ***  ISysCommandControl initialization(sub) finished.
9144 INFO  [si.isystem.eclipse.debug - 0] ISysAbstractDsfService : ***  9152.5567  ***  ISysRunControl initialization(super) started.
9152 INFO  [si.isystem.eclipse.debug - 0] ISysAbstractDsfService : ***  9160.7606  ***  ISysRunControl initialization(super) finished.
9152 INFO  [si.isystem.eclipse.debug - 0] ISysAbstractDsfService : ***  9160.8682  ***  ISysRunControl initialization(main) started.
9153 INFO  [si.isystem.eclipse.debug - 0] ISysAbstractDsfService : ***  9161.9356  ***  ISysRunControl specified as service event listener (method: eventDispatched)
9153 INFO  [si.isystem.eclipse.debug - 0] ISysAbstractDsfService : ***  9162.0496  ***  ISysRunControl initialization(main) finished.
9160 INFO  [si.isystem.eclipse.debug - 0] ISysAbstractDsfService : ***  9168.8234  ***  ISysRunControl initialization(sub) finished.
9161 INFO  [si.isystem.eclipse.debug - 0] ISysAbstractDsfService : ***  9169.6684  ***  ISysStackService initialization(super) started.
9162 INFO  [si.isystem.eclipse.debug - 0] ISysAbstractDsfService : ***  9170.7905  ***  ISysStackService initialization(super) finished.
9162 INFO  [si.isystem.eclipse.debug - 0] ISysAbstractDsfService : ***  9170.8606  ***  ISysStackService initialization(main) started.
9163 INFO  [si.isystem.eclipse.debug - 0] ISysAbstractDsfService : ***  9171.145  ***  ISysStackService specified as service event listener (method: eventDispatched)
9163 INFO  [si.isystem.eclipse.debug - 0] ISysAbstractDsfService : ***  9171.2348  ***  ISysStackService initialization(main) finished.
9163 INFO  [si.isystem.eclipse.debug - 0] ISysAbstractDsfService : ***  9171.2958  ***  ISysStackService initialization(sub) finished.
9163 INFO  [si.isystem.eclipse.debug - 0] ISysAbstractDsfService : ***  9171.7822  ***  ISysMemoryService initialization(super) started.
9164 INFO  [si.isystem.eclipse.debug - 0] ISysAbstractDsfService : ***  9172.7955  ***  Starting Memory Service sub-initialization sequence.
9164 INFO  [si.isystem.eclipse.debug - 0] ISysAbstractDsfService : ***  9172.8943  ***  ISysMemoryService initialization(super) finished.
9164 INFO  [si.isystem.eclipse.debug - 0] ISysAbstractDsfService : ***  9172.9404  ***  ISysMemoryService initialization(main) started.
9165 INFO  [si.isystem.eclipse.debug - 0] ISysAbstractDsfService : ***  9173.3376  ***  ISysMemoryService specified as service event listener (method: eventDispatched)
9165 INFO  [si.isystem.eclipse.debug - 0] ISysAbstractDsfService : ***  9173.4018  ***  ISysMemoryService initialization(main) finished.
9165 INFO  [si.isystem.eclipse.debug - 0] ISysAbstractDsfService : ***  9173.4994  ***  Initializing Memory Service command cache.
9165 INFO  [si.isystem.eclipse.debug - 0] ISysAbstractDsfService : ***  9173.6374  ***  Memory Service command cache initialized.
9165 INFO  [si.isystem.eclipse.debug - 0] ISysAbstractDsfService : ***  9173.7096  ***  Initializing Memory Service block retrieval.
9170 INFO  [si.isystem.eclipse.debug - 0] ISysAbstractDsfService : ***  9178.3204  ***  Memory Service block retrieval initialized.
9170 INFO  [si.isystem.eclipse.debug - 0] ISysAbstractDsfService : ***  9178.4727  ***  Loading memory area properties.
9173 INFO  [si.isystem.eclipse.debug - 0] ISysAbstractDsfService : ***  9181.9942  ***  Adding 1 memory blocks.
9174 INFO  [si.isystem.eclipse.debug - 0] ISysAbstractDsfService : ***  9182.1981  ***  Block 'Virtual' [00000000:ffffffff] MAU=8 visible
9174 INFO  [si.isystem.eclipse.debug - 0] ISysAbstractDsfService : ***  9182.276  ***  Memory Service block retrieval initialized.
9174 INFO  [si.isystem.eclipse.debug - 0] ISysAbstractDsfService : ***  9182.4273  ***  Registering memory model adapter and service.
9175 INFO  [si.isystem.eclipse.debug - 0] ISysAbstractDsfService : ***  9183.1789  ***  Memory model adapter and service registered.
9175 INFO  [si.isystem.eclipse.debug - 0] ISysAbstractDsfService : ***  9183.32  ***  ISysMemoryService initialization(sub) finished.
9176 INFO  [si.isystem.eclipse.debug - 0] ISysAbstractDsfService : ***  9184.0794  ***  ISysSourceLookupService initialization(super) started.
9176 INFO  [si.isystem.eclipse.debug - 0] ISysAbstractDsfService : ***  9184.53  ***  ISysSourceLookupService initialization(super) finished.
9176 INFO  [si.isystem.eclipse.debug - 0] ISysAbstractDsfService : ***  9184.5984  ***  ISysSourceLookupService initialization(main) started.
9176 INFO  [si.isystem.eclipse.debug - 0] ISysAbstractDsfService : ***  9184.7247  ***  ISysSourceLookupService initialization(main) finished.
9176 INFO  [si.isystem.eclipse.debug - 0] ISysAbstractDsfService : ***  9184.7945  ***  ISysSourceLookupService initialization(sub) finished.
9178 INFO  [si.isystem.eclipse.debug - 0] ISysAbstractDsfService : ***  9186.3887  ***  ISysExpressionsService initialization(super) started.
9178 INFO  [si.isystem.eclipse.debug - 0] ISysAbstractDsfService : ***  9186.8026  ***  ISysExpressionsService initialization(super) finished.
9178 INFO  [si.isystem.eclipse.debug - 0] ISysAbstractDsfService : ***  9186.8702  ***  ISysExpressionsService initialization(main) started.
9179 INFO  [si.isystem.eclipse.debug - 0] ISysAbstractDsfService : ***  9187.8914  ***  ISysExpressionsService specified as service event listener (method: eventDispatched)
9179 INFO  [si.isystem.eclipse.debug - 0] ISysAbstractDsfService : ***  9187.9646  ***  ISysExpressionsService initialization(main) finished.
9179 INFO  [si.isystem.eclipse.debug - 0] ISysAbstractDsfService : ***  9188.0224  ***  ISysExpressionsService initialization(sub) finished.
9180 INFO  [si.isystem.eclipse.debug - 0] ISysAbstractDsfService : ***  9189.0137  ***  ISysRegistersService initialization(super) started.
9181 INFO  [si.isystem.eclipse.debug - 0] ISysAbstractDsfService : ***  9189.9983  ***  ISysRegistersService initialization(super) finished.
9182 INFO  [si.isystem.eclipse.debug - 0] ISysAbstractDsfService : ***  9190.0801  ***  ISysRegistersService initialization(main) started.
9182 INFO  [si.isystem.eclipse.debug - 0] ISysAbstractDsfService : ***  9190.9993  ***  ISysRegistersService specified as service event listener (method: eventDispatched)
9183 INFO  [si.isystem.eclipse.debug - 0] ISysAbstractDsfService : ***  9191.0944  ***  ISysRegistersService initialization(main) finished.
9183 INFO  [si.isystem.eclipse.debug - 0] ISysAbstractDsfService : ***  9191.1563  ***  ISysRegistersService initialization(sub) finished.
9183 INFO  [si.isystem.eclipse.debug - 0] ISysAbstractDsfService : ***  9191.9393  ***  ISysDisassemblyService initialization(super) started.
9184 INFO  [si.isystem.eclipse.debug - 0] ISysAbstractDsfService : ***  9192.4316  ***  ISysDisassemblyService initialization(super) finished.
9184 INFO  [si.isystem.eclipse.debug - 0] ISysAbstractDsfService : ***  9192.4842  ***  ISysDisassemblyService initialization(main) started.
9184 INFO  [si.isystem.eclipse.debug - 0] ISysAbstractDsfService : ***  9192.622  ***  ISysDisassemblyService initialization(main) finished.
9184 INFO  [si.isystem.eclipse.debug - 0] ISysAbstractDsfService : ***  9192.6832  ***  ISysDisassemblyService initialization(sub) finished.
9185 INFO  [si.isystem.eclipse.debug - 0] ISysAbstractDsfService : ***  9193.307  ***  ISysSfrService initialization(super) started.
9185 INFO  [si.isystem.eclipse.debug - 0] ISysAbstractDsfService : ***  9193.8146  ***  ISysSfrService initialization(super) finished.
9185 INFO  [si.isystem.eclipse.debug - 0] ISysAbstractDsfService : ***  9193.8666  ***  ISysSfrService initialization(main) started.
9186 INFO  [si.isystem.eclipse.debug - 0] ISysAbstractDsfService : ***  9194.4989  ***  ISysSfrService specified as service event listener (method: eventDispatched)
9186 INFO  [si.isystem.eclipse.debug - 0] ISysAbstractDsfService : ***  9194.5654  ***  ISysSfrService initialization(main) finished.
9995 INFO  [si.isystem.eclipse.debug - 0] ISysAbstractDsfService : ***  10003.7154  ***  ISysSfrService initialization(sub) finished.
9996 INFO  [si.isystem.eclipse.debug - 0] ISysAbstractDsfService : ***  10004.566  ***  ISysRteService initialization(super) started.
9997 INFO  [si.isystem.eclipse.debug - 0] ISysAbstractDsfService : ***  10005.0477  ***  ISysRteService initialization(super) finished.
9997 INFO  [si.isystem.eclipse.debug - 0] ISysAbstractDsfService : ***  10005.1212  ***  ISysRteService initialization(main) started.
9997 INFO  [si.isystem.eclipse.debug - 0] ISysAbstractDsfService : ***  10005.4624  ***  ISysRteService specified as service event listener (method: eventDispatched)
9997 INFO  [si.isystem.eclipse.debug - 0] ISysAbstractDsfService : ***  10005.5696  ***  ISysRteService initialization(main) finished.
9997 INFO  [si.isystem.eclipse.debug - 0] ISysAbstractDsfService : ***  10005.642  ***  ISysRteService initialization(sub) finished.
9999 INFO  [si.isystem.eclipse.debug - 0] ISysAbstractDsfService : ***  10007.5909  ***  ISysBreakpointService initialization(super) started.
10002 INFO  [si.isystem.eclipse.debug - 0] ISysAbstractDsfService : ***  10010.6429  ***  ISysBreakpointService initialization(super) finished.
10002 INFO  [si.isystem.eclipse.debug - 0] ISysAbstractDsfService : ***  10010.7317  ***  ISysBreakpointService initialization(main) started.
10003 INFO  [si.isystem.eclipse.debug - 0] ISysAbstractDsfService : ***  10011.2013  ***  ISysBreakpointService specified as service event listener (method: eventDispatched)
10003 INFO  [si.isystem.eclipse.debug - 0] ISysAbstractDsfService : ***  10011.2904  ***  ISysBreakpointService initialization(main) finished.
10003 INFO  [si.isystem.eclipse.debug - 0] ISysAbstractDsfService : ***  10011.3549  ***  ISysBreakpointService initialization(sub) finished.
10031 INFO  [si.isystem.eclipse.debug - 0] ISysLaunch : ***  10038.7962  ***  Services initialization sequence completed
129448 INFO  [Worker-10: Command Executor Job] ISysAbstractDsfService : ***  129455.6993  ***  ISysCommandControl command dequeued - exiting command processing loop
129448 INFO  [si.isystem.eclipse.debug - 0] ISysAbstractCommand : ***  129455.7249  ***  Processing the last command to be processed: si.isystem.dsf.control.commands.ISysCmdMiscTerminateDebugger
129448 INFO  [si.isystem.eclipse.debug - 0] ISysAbstractDsfService : ***  129455.9552  ***  Command Control was shut down - cancelling remaining commands in queue.
129449 INFO  [si.isystem.eclipse.debug - 0] ISysAbstractDsfService : ***  129456.2021  ***  Command Controll queue is empty and closed.
129450 INFO  [si.isystem.eclipse.debug - 0] ISysAbstractDsfService : ***  129457.7509  ***  Command Control was shut down - cancelled queueing of command ISysCmdBpRemove[ISysDebuggerDmContext(0, Led1.elf).LineBreakpointDMContext(C:\Proyectos\20220123 Control Motores\3-Software\Desarrollo\Led1\Cpu0_Main.c:104)]().

129450 INFO  [si.isystem.eclipse.debug - 0] ISysAbstractDsfService : ***  129457.8776  ***  Command Control was shut down - cancelled queueing of command ISysCmdBpRemove[ISysDebuggerDmContext(0, Led1.elf).LineBreakpointDMContext(C:\Proyectos\20220123 Control Motores\3-Software\Desarrollo\Led1\Cpu0_Main.c:115)]().

129452 INFO  [si.isystem.eclipse.debug - 0] ISysAbstractDsfService : ***  129459.1713  ***  ISysBreakpointService shutdown(super) started.
129452 INFO  [si.isystem.eclipse.debug - 0] ISysAbstractDsfService : ***  129459.3382  ***  ISysBreakpointService shutdown(super) finished.
129452 INFO  [si.isystem.eclipse.debug - 0] ISysAbstractDsfService : ***  129459.3828  ***  ISysBreakpointService shutdown(main) started.
129452 INFO  [si.isystem.eclipse.debug - 0] ISysAbstractDsfService : ***  129459.4337  ***  ISysBreakpointService removed from service event listener list
129452 INFO  [si.isystem.eclipse.debug - 0] ISysAbstractDsfService : ***  129459.6561  ***  ISysBreakpointService shutdown(main) finished.
129452 INFO  [si.isystem.eclipse.debug - 0] ISysAbstractDsfService : ***  129459.7185  ***  ISysBreakpointService shutdown(sub) finished.
129452 INFO  [si.isystem.eclipse.debug - 0] ISysAbstractDsfService : ***  129459.7793  ***  ISysRteService shutdown(super) started.
129452 INFO  [si.isystem.eclipse.debug - 0] ISysAbstractDsfService : ***  129459.9228  ***  ISysRteService shutdown(super) finished.
129452 INFO  [si.isystem.eclipse.debug - 0] ISysAbstractDsfService : ***  129459.959  ***  ISysRteService shutdown(main) started.
129452 INFO  [si.isystem.eclipse.debug - 0] ISysAbstractDsfService : ***  129459.9872  ***  ISysRteService removed from service event listener list
129453 INFO  [si.isystem.eclipse.debug - 0] ISysAbstractDsfService : ***  129460.133  ***  ISysRteService shutdown(main) finished.
129453 INFO  [si.isystem.eclipse.debug - 0] ISysAbstractDsfService : ***  129460.2206  ***  ISysRteService shutdown(sub) finished.
129453 INFO  [si.isystem.eclipse.debug - 0] ISysAbstractDsfService : ***  129460.2868  ***  ISysSfrService shutdown(super) started.
129453 INFO  [si.isystem.eclipse.debug - 0] ISysAbstractDsfService : ***  129460.3638  ***  ISysSfrService shutdown(super) finished.
129453 INFO  [si.isystem.eclipse.debug - 0] ISysAbstractDsfService : ***  129460.3993  ***  ISysSfrService shutdown(main) started.
129453 INFO  [si.isystem.eclipse.debug - 0] ISysAbstractDsfService : ***  129460.4381  ***  ISysSfrService removed from service event listener list
129453 INFO  [si.isystem.eclipse.debug - 0] ISysAbstractDsfService : ***  129460.5792  ***  ISysSfrService shutdown(main) finished.
129453 INFO  [si.isystem.eclipse.debug - 0] ISysAbstractDsfService : ***  129460.6973  ***  ISysSfrService shutdown(sub) finished.
129453 INFO  [si.isystem.eclipse.debug - 0] ISysAbstractDsfService : ***  129460.7801  ***  ISysDisassemblyService shutdown(super) started.
129453 INFO  [si.isystem.eclipse.debug - 0] ISysAbstractDsfService : ***  129460.8489  ***  ISysDisassemblyService shutdown(super) finished.
129453 INFO  [si.isystem.eclipse.debug - 0] ISysAbstractDsfService : ***  129460.9085  ***  ISysDisassemblyService shutdown(main) started.
129454 INFO  [si.isystem.eclipse.debug - 0] ISysAbstractDsfService : ***  129461.1159  ***  ISysDisassemblyService shutdown(main) finished.
129454 INFO  [si.isystem.eclipse.debug - 0] ISysAbstractDsfService : ***  129461.1972  ***  ISysDisassemblyService shutdown(sub) finished.
129454 INFO  [si.isystem.eclipse.debug - 0] ISysAbstractDsfService : ***  129461.2541  ***  ISysRegistersService shutdown(super) started.
129454 INFO  [si.isystem.eclipse.debug - 0] ISysAbstractDsfService : ***  129461.2967  ***  ISysRegistersService shutdown(super) finished.
129454 INFO  [si.isystem.eclipse.debug - 0] ISysAbstractDsfService : ***  129461.3233  ***  ISysRegistersService shutdown(main) started.
129454 INFO  [si.isystem.eclipse.debug - 0] ISysAbstractDsfService : ***  129461.3469  ***  ISysRegistersService removed from service event listener list
129454 INFO  [si.isystem.eclipse.debug - 0] ISysAbstractDsfService : ***  129461.4971  ***  ISysRegistersService shutdown(main) finished.
129454 INFO  [si.isystem.eclipse.debug - 0] ISysAbstractDsfService : ***  129461.5347  ***  ISysRegistersService shutdown(sub) finished.
129454 INFO  [si.isystem.eclipse.debug - 0] ISysAbstractDsfService : ***  129461.5853  ***  ISysExpressionsService shutdown(super) started.
129454 INFO  [si.isystem.eclipse.debug - 0] ISysAbstractDsfService : ***  129461.6303  ***  ISysExpressionsService shutdown(super) finished.
129454 INFO  [si.isystem.eclipse.debug - 0] ISysAbstractDsfService : ***  129461.6571  ***  ISysExpressionsService shutdown(main) started.
129454 INFO  [si.isystem.eclipse.debug - 0] ISysAbstractDsfService : ***  129461.6805  ***  ISysExpressionsService removed from service event listener list
129454 INFO  [si.isystem.eclipse.debug - 0] ISysAbstractDsfService : ***  129461.8789  ***  ISysExpressionsService shutdown(main) finished.
129454 INFO  [si.isystem.eclipse.debug - 0] ISysAbstractDsfService : ***  129461.919  ***  ISysExpressionsService shutdown(sub) finished.
129454 INFO  [si.isystem.eclipse.debug - 0] ISysAbstractDsfService : ***  129461.9717  ***  ISysSourceLookupService shutdown(super) started.
129454 INFO  [si.isystem.eclipse.debug - 0] ISysAbstractDsfService : ***  129462.0158  ***  ISysSourceLookupService shutdown(super) finished.
129455 INFO  [si.isystem.eclipse.debug - 0] ISysAbstractDsfService : ***  129462.0864  ***  ISysSourceLookupService shutdown(main) started.
129455 INFO  [si.isystem.eclipse.debug - 0] ISysAbstractDsfService : ***  129462.2837  ***  ISysSourceLookupService shutdown(main) finished.
129455 INFO  [si.isystem.eclipse.debug - 0] ISysAbstractDsfService : ***  129462.3548  ***  ISysSourceLookupService shutdown(sub) finished.
129455 INFO  [si.isystem.eclipse.debug - 0] ISysAbstractDsfService : ***  129462.4335  ***  ISysMemoryService shutdown(super) started.
129455 INFO  [si.isystem.eclipse.debug - 0] ISysAbstractDsfService : ***  129462.5068  ***  ISysMemoryService shutdown(super) finished.
129455 INFO  [si.isystem.eclipse.debug - 0] ISysAbstractDsfService : ***  129462.5562  ***  ISysMemoryService shutdown(main) started.
129455 INFO  [si.isystem.eclipse.debug - 0] ISysAbstractDsfService : ***  129462.5975  ***  ISysMemoryService removed from service event listener list
129455 INFO  [si.isystem.eclipse.debug - 0] ISysAbstractDsfService : ***  129462.8422  ***  ISysMemoryService shutdown(main) finished.
129455 INFO  [si.isystem.eclipse.debug - 0] ISysAbstractDsfService : ***  129462.9166  ***  ISysMemoryService shutdown(sub) finished.
129455 INFO  [si.isystem.eclipse.debug - 0] ISysAbstractDsfService : ***  129462.9931  ***  ISysStackService shutdown(super) started.
129456 INFO  [si.isystem.eclipse.debug - 0] ISysAbstractDsfService : ***  129463.0702  ***  ISysStackService shutdown(super) finished.
129456 INFO  [si.isystem.eclipse.debug - 0] ISysAbstractDsfService : ***  129463.1164  ***  ISysStackService shutdown(main) started.
129456 INFO  [si.isystem.eclipse.debug - 0] ISysAbstractDsfService : ***  129463.156  ***  ISysStackService removed from service event listener list
129456 INFO  [si.isystem.eclipse.debug - 0] ISysAbstractDsfService : ***  129463.3868  ***  ISysStackService shutdown(main) finished.
129456 INFO  [si.isystem.eclipse.debug - 0] ISysAbstractDsfService : ***  129463.4343  ***  ISysStackService shutdown(sub) finished.
129456 INFO  [si.isystem.eclipse.debug - 0] ISysAbstractDsfService : ***  129463.4804  ***  ISysRunControl shutdown(super) started.
129456 INFO  [si.isystem.eclipse.debug - 0] ISysAbstractDsfService : ***  129463.5242  ***  ISysRunControl shutdown(super) finished.
129456 INFO  [si.isystem.eclipse.debug - 0] ISysAbstractDsfService : ***  129463.5504  ***  ISysRunControl shutdown(main) started.
129456 INFO  [si.isystem.eclipse.debug - 0] ISysAbstractDsfService : ***  129463.5735  ***  ISysRunControl removed from service event listener list
129456 INFO  [si.isystem.eclipse.debug - 0] ISysAbstractDsfService : ***  129463.7555  ***  ISysRunControl shutdown(main) finished.
129456 INFO  [si.isystem.eclipse.debug - 0] ISysAbstractDsfService : ***  129463.8105  ***  ISysRunControl shutdown(sub) finished.
129456 INFO  [si.isystem.eclipse.debug - 0] ISysAbstractDsfService : ***  129463.888  ***  ISysCommandControl shutdown(super) started.
129456 INFO  [si.isystem.eclipse.debug - 0] ISysAbstractDsfService : ***  129463.9515  ***  ISysCommandControl shutdown(super) finished.
129456 INFO  [si.isystem.eclipse.debug - 0] ISysAbstractDsfService : ***  129463.9956  ***  ISysCommandControl shutdown(main) started.
129457 INFO  [si.isystem.eclipse.debug - 0] ISysAbstractDsfService : ***  129464.2131  ***  ISysCommandControl shutdown(main) finished.
129457 INFO  [si.isystem.eclipse.debug - 0] ISysAbstractDsfService : ***  129464.2692  ***  ISysCommandControl shutdown(sub) finished.
129457 INFO  [si.isystem.eclipse.debug - 0] ISysAbstractDsfService : ***  129464.3599  ***  ISysConnectionService shutdown(super) started.
129457 INFO  [si.isystem.eclipse.debug - 0] IConnectProxy : ***  129464.5518  ***  Shutting down iConnect for cores: [0, 3]
129457 INFO  [si.isystem.eclipse.debug - 0] IConnectProxy : ***  129464.6407  ***  Disconnecting from and closing winIDEA on core 0.
129710 INFO  [si.isystem.eclipse.debug - 0] IConnectProxy : ***  129717.277  ***  iConnect for core 3 was never initialized - skipping.
129710 INFO  [si.isystem.eclipse.debug - 0] ISysAbstractDsfService : ***  129717.6841  ***  ISysConnectionService shutdown(super) finished.
129710 INFO  [si.isystem.eclipse.debug - 0] ISysAbstractDsfService : ***  129717.7458  ***  ISysConnectionService shutdown(main) started.
129710 INFO  [si.isystem.eclipse.debug - 0] ISysAbstractDsfService : ***  129717.775  ***  ISysConnectionService shutdown(main) finished.
129710 INFO  [si.isystem.eclipse.debug - 0] ISysAbstractDsfService : ***  129717.8058  ***  ISysConnectionService shutdown(sub) finished.
129711 INFO  [si.isystem.eclipse.debug - 0] ISysLaunch : ***  129718.5974  ***  Debug services shutdown completed.
170015 INFO  [si.isystem.eclipse.debug - 0] ISysAbstractDsfService : ***  170022.3108  ***  ISysConnectionService initialization(super) started.
170016 INFO  [si.isystem.eclipse.debug - 0] IConLaunchManager : ***  170022.8435  ***  
Starting debug session using launch configuration paramenters: 
 - Launch name = 'OneEye_DAS_Oscilloscope_1_KIT_TC375_LK Debug'
 - Project name = 'OneEye_DAS_Oscilloscope_1_KIT_TC375_LK'
 - Project path = 'C:/Proyectos/20220123 Control Motores/3-Software/Desarrollo/OneEye_DAS_Oscilloscope_1_KIT_TC375_LK'
 - Output file = 'Debug\OneEye_DAS_Oscilloscope_1_KIT_TC375_LK.elf'
 - Stop on startup = 'true'
 - Stop on startup location = 'core0_main'
 - Verbose mode = false' - Invisible winIDEA = 'true'
 - Bring winIDEA to top = 'true'
 - Verify download = 'true'
 - Analyze source files = 'false'
 - Shutdown winIDEA at terminate session = 'true'
 - Save winIDEA workspace = 'true'
 - winIDEA workspace path = '.ads/winIDEAWorkspaces/Debug/ADS.xjrf'
 - full winIDEA workspace path = 'C:\Proyectos\20220123 Control Motores\3-Software\Desarrollo\OneEye_DAS_Oscilloscope_1_KIT_TC375_LK\.ads\winIDEAWorkspaces\Debug\ADS.xjrf'
 - Device = 'TC375T'
 - Hardware = 'IFX_DAS'
 - Communication = 'USB'
 - Hardware debugger = ''
 - Image check = 'Default'
 - Create SMP = 'true'

170016 INFO  [si.isystem.eclipse.debug - 0] ISysSessionManager : ***  170023.4712  ***  Connecting to winIDEA 'C:\Infineon\AURIX-Studio-1.10.6\winIDEA\' with workspace 'C:\Proyectos\20220123 Control Motores\3-Software\Desarrollo\OneEye_DAS_Oscilloscope_1_KIT_TC375_LK\.ads\winIDEAWorkspaces\Debug\ADS.xjrf', winIDEA-ID: 'com.tasking.winIDEA.instance.id-OneEye_DAS_Oscilloscope_1_KIT_TC375_LK Debug', visible: false, CLI args: '/HideCrashDumpMessage'
173078 INFO  [si.isystem.eclipse.debug - 0] ISysConfigOptions : ***  173084.6947  ***  DAS Servers:
173078 INFO  [si.isystem.eclipse.debug - 0] ISysConfigOptions : ***  173084.8835  ***  [i] = 'IFX_DAS: DAS JDS AURIX LITE KIT V2.0 (TC375) LK7KKLPW [USB]'
173078 INFO  [si.isystem.eclipse.debug - 0] ISysConfigOptions : ***  173084.9432  ***  Loading DAS Server list finished. [288ms]
173115 INFO  [si.isystem.eclipse.debug - 0] ISysSessionManager : ***  173122.4839  ***  Connected to winIDEA and setup workspace.
173116 INFO  [si.isystem.eclipse.debug - 0] ISysSessionManager : ***  173122.6805  ***  Version of isystem.connect for Java: 9.21.259.0
173116 INFO  [si.isystem.eclipse.debug - 0] ISysSessionManager : ***  173122.7789  ***  Version of isystem.connect DLL: 9.21.259.0.0
173116 INFO  [si.isystem.eclipse.debug - 0] ISysSessionManager : ***  173123.1678  ***  Version of winIDEA: 9.21.253
173116 INFO  [si.isystem.eclipse.debug - 0] ISysSessionManager : ***  173123.2379  ***  Downloading ...
174950 INFO  [si.isystem.eclipse.debug - 0] ISysSessionManager : ***  174956.9368  ***  Downloading finished.
175032 INFO  [si.isystem.eclipse.debug - 0] IConLaunchManager : ***  175039.8291  ***  Connected to target.
175033 INFO  [si.isystem.eclipse.debug - 0] IConLaunchManager : ***  175039.938  ***  Log level set to INFO
175158 INFO  [si.isystem.eclipse.debug - 0] ISysAbstractDsfService : ***  175164.9445  ***  ISysConnectionService initialization(super) finished.
175158 INFO  [si.isystem.eclipse.debug - 0] ISysAbstractDsfService : ***  175165.0389  ***  ISysConnectionService initialization(main) started.
175158 INFO  [si.isystem.eclipse.debug - 0] ISysAbstractDsfService : ***  175165.0794  ***  ISysConnectionService initialization(main) finished.
175158 INFO  [si.isystem.eclipse.debug - 0] ISysAbstractDsfService : ***  175165.1166  ***  ISysConnectionService initialization(sub) finished.
175158 INFO  [si.isystem.eclipse.debug - 0] ISysAbstractDsfService : ***  175165.1627  ***  ISysCommandControl initialization(super) started.
175159 INFO  [Worker-4: Command Executor Job] ISysAbstractDsfService : ***  175165.3564  ***  Command Executor Job started.
175159 INFO  [si.isystem.eclipse.debug - 0] ISysAbstractDsfService : ***  175165.5709  ***  ISysCommandControl initialization(super) finished.
175159 INFO  [si.isystem.eclipse.debug - 0] ISysAbstractDsfService : ***  175165.6088  ***  ISysCommandControl initialization(main) started.
175159 INFO  [si.isystem.eclipse.debug - 0] ISysAbstractDsfService : ***  175165.6437  ***  ISysCommandControl initialization(main) finished.
175159 INFO  [si.isystem.eclipse.debug - 0] ISysAbstractDsfService : ***  175165.6685  ***  ISysCommandControl initialization(sub) finished.
175159 INFO  [si.isystem.eclipse.debug - 0] ISysAbstractDsfService : ***  175165.7057  ***  ISysRunControl initialization(super) started.
175161 INFO  [si.isystem.eclipse.debug - 0] ISysAbstractDsfService : ***  175167.5527  ***  ISysRunControl initialization(super) finished.
175161 INFO  [si.isystem.eclipse.debug - 0] ISysAbstractDsfService : ***  175167.6065  ***  ISysRunControl initialization(main) started.
175161 INFO  [si.isystem.eclipse.debug - 0] ISysAbstractDsfService : ***  175167.6429  ***  ISysRunControl specified as service event listener (method: eventDispatched)
175161 INFO  [si.isystem.eclipse.debug - 0] ISysAbstractDsfService : ***  175167.6887  ***  ISysRunControl initialization(main) finished.
175164 INFO  [si.isystem.eclipse.debug - 0] ISysAbstractDsfService : ***  175170.4231  ***  ISysRunControl initialization(sub) finished.
175164 INFO  [si.isystem.eclipse.debug - 0] ISysAbstractDsfService : ***  175170.5816  ***  ISysStackService initialization(super) started.
175164 INFO  [si.isystem.eclipse.debug - 0] ISysAbstractDsfService : ***  175170.9209  ***  ISysStackService initialization(super) finished.
175164 INFO  [si.isystem.eclipse.debug - 0] ISysAbstractDsfService : ***  175170.9649  ***  ISysStackService initialization(main) started.
175164 INFO  [si.isystem.eclipse.debug - 0] ISysAbstractDsfService : ***  175171.0224  ***  ISysStackService specified as service event listener (method: eventDispatched)
175164 INFO  [si.isystem.eclipse.debug - 0] ISysAbstractDsfService : ***  175171.0926  ***  ISysStackService initialization(main) finished.
175164 INFO  [si.isystem.eclipse.debug - 0] ISysAbstractDsfService : ***  175171.14  ***  ISysStackService initialization(sub) finished.
175165 INFO  [si.isystem.eclipse.debug - 0] ISysAbstractDsfService : ***  175171.1971  ***  ISysMemoryService initialization(super) started.
175165 INFO  [si.isystem.eclipse.debug - 0] ISysAbstractDsfService : ***  175171.3116  ***  Starting Memory Service sub-initialization sequence.
175165 INFO  [si.isystem.eclipse.debug - 0] ISysAbstractDsfService : ***  175171.3709  ***  ISysMemoryService initialization(super) finished.
175165 INFO  [si.isystem.eclipse.debug - 0] ISysAbstractDsfService : ***  175171.3954  ***  ISysMemoryService initialization(main) started.
175165 INFO  [si.isystem.eclipse.debug - 0] ISysAbstractDsfService : ***  175171.4188  ***  ISysMemoryService specified as service event listener (method: eventDispatched)
175165 INFO  [si.isystem.eclipse.debug - 0] ISysAbstractDsfService : ***  175171.4631  ***  ISysMemoryService initialization(main) finished.
175165 INFO  [si.isystem.eclipse.debug - 0] ISysAbstractDsfService : ***  175171.5191  ***  Initializing Memory Service command cache.
175165 INFO  [si.isystem.eclipse.debug - 0] ISysAbstractDsfService : ***  175171.5557  ***  Memory Service command cache initialized.
175165 INFO  [si.isystem.eclipse.debug - 0] ISysAbstractDsfService : ***  175171.5829  ***  Initializing Memory Service block retrieval.
175167 INFO  [si.isystem.eclipse.debug - 0] ISysAbstractDsfService : ***  175173.3647  ***  Memory Service block retrieval initialized.
175167 INFO  [si.isystem.eclipse.debug - 0] ISysAbstractDsfService : ***  175173.4754  ***  Loading memory area properties.
175168 INFO  [si.isystem.eclipse.debug - 0] ISysAbstractDsfService : ***  175174.8564  ***  Adding 1 memory blocks.
175168 INFO  [si.isystem.eclipse.debug - 0] ISysAbstractDsfService : ***  175174.9847  ***  Block 'Virtual' [00000000:ffffffff] MAU=8 visible
175168 INFO  [si.isystem.eclipse.debug - 0] ISysAbstractDsfService : ***  175175.0476  ***  Memory Service block retrieval initialized.
175168 INFO  [si.isystem.eclipse.debug - 0] ISysAbstractDsfService : ***  175175.1139  ***  Registering memory model adapter and service.
175169 INFO  [si.isystem.eclipse.debug - 0] ISysAbstractDsfService : ***  175175.6228  ***  Memory model adapter and service registered.
175169 INFO  [si.isystem.eclipse.debug - 0] ISysAbstractDsfService : ***  175175.683  ***  ISysMemoryService initialization(sub) finished.
175169 INFO  [si.isystem.eclipse.debug - 0] ISysAbstractDsfService : ***  175175.7221  ***  ISysSourceLookupService initialization(super) started.
175169 INFO  [si.isystem.eclipse.debug - 0] ISysAbstractDsfService : ***  175175.9384  ***  ISysSourceLookupService initialization(super) finished.
175169 INFO  [si.isystem.eclipse.debug - 0] ISysAbstractDsfService : ***  175175.9753  ***  ISysSourceLookupService initialization(main) started.
175169 INFO  [si.isystem.eclipse.debug - 0] ISysAbstractDsfService : ***  175176.0041  ***  ISysSourceLookupService initialization(main) finished.
175169 INFO  [si.isystem.eclipse.debug - 0] ISysAbstractDsfService : ***  175176.0312  ***  ISysSourceLookupService initialization(sub) finished.
175169 INFO  [si.isystem.eclipse.debug - 0] ISysAbstractDsfService : ***  175176.0668  ***  ISysExpressionsService initialization(super) started.
175170 INFO  [si.isystem.eclipse.debug - 0] ISysAbstractDsfService : ***  175176.3295  ***  ISysExpressionsService initialization(super) finished.
175170 INFO  [si.isystem.eclipse.debug - 0] ISysAbstractDsfService : ***  175176.372  ***  ISysExpressionsService initialization(main) started.
175170 INFO  [si.isystem.eclipse.debug - 0] ISysAbstractDsfService : ***  175176.3979  ***  ISysExpressionsService specified as service event listener (method: eventDispatched)
175170 INFO  [si.isystem.eclipse.debug - 0] ISysAbstractDsfService : ***  175176.4286  ***  ISysExpressionsService initialization(main) finished.
175170 INFO  [si.isystem.eclipse.debug - 0] ISysAbstractDsfService : ***  175176.4508  ***  ISysExpressionsService initialization(sub) finished.
175170 INFO  [si.isystem.eclipse.debug - 0] ISysAbstractDsfService : ***  175176.481  ***  ISysRegistersService initialization(super) started.
175170 INFO  [si.isystem.eclipse.debug - 0] ISysAbstractDsfService : ***  175177.102  ***  ISysRegistersService initialization(super) finished.
175170 INFO  [si.isystem.eclipse.debug - 0] ISysAbstractDsfService : ***  175177.1386  ***  ISysRegistersService initialization(main) started.
175170 INFO  [si.isystem.eclipse.debug - 0] ISysAbstractDsfService : ***  175177.1675  ***  ISysRegistersService specified as service event listener (method: eventDispatched)
175171 INFO  [si.isystem.eclipse.debug - 0] ISysAbstractDsfService : ***  175177.1999  ***  ISysRegistersService initialization(main) finished.
175171 INFO  [si.isystem.eclipse.debug - 0] ISysAbstractDsfService : ***  175177.2287  ***  ISysRegistersService initialization(sub) finished.
175171 INFO  [si.isystem.eclipse.debug - 0] ISysAbstractDsfService : ***  175177.2634  ***  ISysDisassemblyService initialization(super) started.
175171 INFO  [si.isystem.eclipse.debug - 0] ISysAbstractDsfService : ***  175177.5517  ***  ISysDisassemblyService initialization(super) finished.
175171 INFO  [si.isystem.eclipse.debug - 0] ISysAbstractDsfService : ***  175177.5898  ***  ISysDisassemblyService initialization(main) started.
175171 INFO  [si.isystem.eclipse.debug - 0] ISysAbstractDsfService : ***  175177.615  ***  ISysDisassemblyService initialization(main) finished.
175171 INFO  [si.isystem.eclipse.debug - 0] ISysAbstractDsfService : ***  175177.6365  ***  ISysDisassemblyService initialization(sub) finished.
175171 INFO  [si.isystem.eclipse.debug - 0] ISysAbstractDsfService : ***  175177.6721  ***  ISysSfrService initialization(super) started.
175171 INFO  [si.isystem.eclipse.debug - 0] ISysAbstractDsfService : ***  175177.855  ***  ISysSfrService initialization(super) finished.
175171 INFO  [si.isystem.eclipse.debug - 0] ISysAbstractDsfService : ***  175177.8913  ***  ISysSfrService initialization(main) started.
175171 INFO  [si.isystem.eclipse.debug - 0] ISysAbstractDsfService : ***  175177.914  ***  ISysSfrService specified as service event listener (method: eventDispatched)
175171 INFO  [si.isystem.eclipse.debug - 0] ISysAbstractDsfService : ***  175177.9425  ***  ISysSfrService initialization(main) finished.
175827 INFO  [si.isystem.eclipse.debug - 0] ISysAbstractDsfService : ***  175833.3347  ***  ISysSfrService initialization(sub) finished.
175827 INFO  [si.isystem.eclipse.debug - 0] ISysAbstractDsfService : ***  175833.4385  ***  ISysRteService initialization(super) started.
175827 INFO  [si.isystem.eclipse.debug - 0] ISysAbstractDsfService : ***  175833.6812  ***  ISysRteService initialization(super) finished.
175827 INFO  [si.isystem.eclipse.debug - 0] ISysAbstractDsfService : ***  175833.7116  ***  ISysRteService initialization(main) started.
175827 INFO  [si.isystem.eclipse.debug - 0] ISysAbstractDsfService : ***  175833.7371  ***  ISysRteService specified as service event listener (method: eventDispatched)
175827 INFO  [si.isystem.eclipse.debug - 0] ISysAbstractDsfService : ***  175833.7729  ***  ISysRteService initialization(main) finished.
175827 INFO  [si.isystem.eclipse.debug - 0] ISysAbstractDsfService : ***  175833.7985  ***  ISysRteService initialization(sub) finished.
175827 INFO  [si.isystem.eclipse.debug - 0] ISysAbstractDsfService : ***  175833.8267  ***  ISysBreakpointService initialization(super) started.
175827 INFO  [si.isystem.eclipse.debug - 0] ISysAbstractDsfService : ***  175834.0339  ***  ISysBreakpointService initialization(super) finished.
175827 INFO  [si.isystem.eclipse.debug - 0] ISysAbstractDsfService : ***  175834.0635  ***  ISysBreakpointService initialization(main) started.
175827 INFO  [si.isystem.eclipse.debug - 0] ISysAbstractDsfService : ***  175834.0889  ***  ISysBreakpointService specified as service event listener (method: eventDispatched)
175827 INFO  [si.isystem.eclipse.debug - 0] ISysAbstractDsfService : ***  175834.1163  ***  ISysBreakpointService initialization(main) finished.
175827 INFO  [si.isystem.eclipse.debug - 0] ISysAbstractDsfService : ***  175834.1386  ***  ISysBreakpointService initialization(sub) finished.
175833 INFO  [si.isystem.eclipse.debug - 0] ISysLaunch : ***  175839.544  ***  Services initialization sequence completed
307358 INFO  [Worker-4: Command Executor Job] ISysAbstractDsfService : ***  307362.359  ***  ISysCommandControl command dequeued - exiting command processing loop
307358 INFO  [si.isystem.eclipse.debug - 0] ISysAbstractCommand : ***  307362.3668  ***  Processing the last command to be processed: si.isystem.dsf.control.commands.ISysCmdMiscTerminateDebugger
307358 INFO  [si.isystem.eclipse.debug - 0] ISysAbstractDsfService : ***  307362.5043  ***  Command Control was shut down - cancelling remaining commands in queue.
307358 INFO  [si.isystem.eclipse.debug - 0] ISysAbstractDsfService : ***  307362.5318  ***  Command Controll queue is empty and closed.
307358 INFO  [si.isystem.eclipse.debug - 0] ISysAbstractDsfService : ***  307362.9479  ***  Command Control was shut down - cancelled queueing of command ISysCmdBpRemove[ISysDebuggerDmContext(0, OneEye_DAS_Oscilloscope_1_KIT_TC375_LK.elf).LineBreakpointDMContext(C:\Proyectos\20220123 Control Motores\3-Software\Desarrollo\OneEye_DAS_Oscilloscope_1_KIT_TC375_LK\Cpu0_Main.c:83)]().

307359 INFO  [si.isystem.eclipse.debug - 0] ISysAbstractDsfService : ***  307363.5973  ***  ISysBreakpointService shutdown(super) started.
307359 INFO  [si.isystem.eclipse.debug - 0] ISysAbstractDsfService : ***  307363.6479  ***  ISysBreakpointService shutdown(super) finished.
307359 INFO  [si.isystem.eclipse.debug - 0] ISysAbstractDsfService : ***  307363.6748  ***  ISysBreakpointService shutdown(main) started.
307359 INFO  [si.isystem.eclipse.debug - 0] ISysAbstractDsfService : ***  307363.6957  ***  ISysBreakpointService removed from service event listener list
307359 INFO  [si.isystem.eclipse.debug - 0] ISysAbstractDsfService : ***  307363.8313  ***  ISysBreakpointService shutdown(main) finished.
307359 INFO  [si.isystem.eclipse.debug - 0] ISysAbstractDsfService : ***  307363.8577  ***  ISysBreakpointService shutdown(sub) finished.
307359 INFO  [si.isystem.eclipse.debug - 0] ISysAbstractDsfService : ***  307363.8926  ***  ISysRteService shutdown(super) started.
307359 INFO  [si.isystem.eclipse.debug - 0] ISysAbstractDsfService : ***  307363.9236  ***  ISysRteService shutdown(super) finished.
307359 INFO  [si.isystem.eclipse.debug - 0] ISysAbstractDsfService : ***  307363.9428  ***  ISysRteService shutdown(main) started.
307359 INFO  [si.isystem.eclipse.debug - 0] ISysAbstractDsfService : ***  307363.9599  ***  ISysRteService removed from service event listener list
307360 INFO  [si.isystem.eclipse.debug - 0] ISysAbstractDsfService : ***  307364.0568  ***  ISysRteService shutdown(main) finished.
307360 INFO  [si.isystem.eclipse.debug - 0] ISysAbstractDsfService : ***  307364.1295  ***  ISysRteService shutdown(sub) finished.
307360 INFO  [si.isystem.eclipse.debug - 0] ISysAbstractDsfService : ***  307364.1604  ***  ISysSfrService shutdown(super) started.
307360 INFO  [si.isystem.eclipse.debug - 0] ISysAbstractDsfService : ***  307364.1987  ***  ISysSfrService shutdown(super) finished.
307360 INFO  [si.isystem.eclipse.debug - 0] ISysAbstractDsfService : ***  307364.2203  ***  ISysSfrService shutdown(main) started.
307360 INFO  [si.isystem.eclipse.debug - 0] ISysAbstractDsfService : ***  307364.2385  ***  ISysSfrService removed from service event listener list
307360 INFO  [si.isystem.eclipse.debug - 0] ISysAbstractDsfService : ***  307364.3444  ***  ISysSfrService shutdown(main) finished.
307360 INFO  [si.isystem.eclipse.debug - 0] ISysAbstractDsfService : ***  307364.4012  ***  ISysSfrService shutdown(sub) finished.
307360 INFO  [si.isystem.eclipse.debug - 0] ISysAbstractDsfService : ***  307364.4384  ***  ISysDisassemblyService shutdown(super) started.
307360 INFO  [si.isystem.eclipse.debug - 0] ISysAbstractDsfService : ***  307364.4686  ***  ISysDisassemblyService shutdown(super) finished.
307360 INFO  [si.isystem.eclipse.debug - 0] ISysAbstractDsfService : ***  307364.4868  ***  ISysDisassemblyService shutdown(main) started.
307360 INFO  [si.isystem.eclipse.debug - 0] ISysAbstractDsfService : ***  307364.5996  ***  ISysDisassemblyService shutdown(main) finished.
307360 INFO  [si.isystem.eclipse.debug - 0] ISysAbstractDsfService : ***  307364.6568  ***  ISysDisassemblyService shutdown(sub) finished.
307360 INFO  [si.isystem.eclipse.debug - 0] ISysAbstractDsfService : ***  307364.6946  ***  ISysRegistersService shutdown(super) started.
307360 INFO  [si.isystem.eclipse.debug - 0] ISysAbstractDsfService : ***  307364.7248  ***  ISysRegistersService shutdown(super) finished.
307360 INFO  [si.isystem.eclipse.debug - 0] ISysAbstractDsfService : ***  307364.7437  ***  ISysRegistersService shutdown(main) started.
307360 INFO  [si.isystem.eclipse.debug - 0] ISysAbstractDsfService : ***  307364.7615  ***  ISysRegistersService removed from service event listener list
307360 INFO  [si.isystem.eclipse.debug - 0] ISysAbstractDsfService : ***  307364.8825  ***  ISysRegistersService shutdown(main) finished.
307360 INFO  [si.isystem.eclipse.debug - 0] ISysAbstractDsfService : ***  307364.9088  ***  ISysRegistersService shutdown(sub) finished.
307360 INFO  [si.isystem.eclipse.debug - 0] ISysAbstractDsfService : ***  307364.9723  ***  ISysExpressionsService shutdown(super) started.
307361 INFO  [si.isystem.eclipse.debug - 0] ISysAbstractDsfService : ***  307365.0761  ***  ISysExpressionsService shutdown(super) finished.
307361 INFO  [si.isystem.eclipse.debug - 0] ISysAbstractDsfService : ***  307365.1398  ***  ISysExpressionsService shutdown(main) started.
307361 INFO  [si.isystem.eclipse.debug - 0] ISysAbstractDsfService : ***  307365.1764  ***  ISysExpressionsService removed from service event listener list
307361 INFO  [si.isystem.eclipse.debug - 0] ISysAbstractDsfService : ***  307365.3996  ***  ISysExpressionsService shutdown(main) finished.
307361 INFO  [si.isystem.eclipse.debug - 0] ISysAbstractDsfService : ***  307365.4406  ***  ISysExpressionsService shutdown(sub) finished.
307361 INFO  [si.isystem.eclipse.debug - 0] ISysAbstractDsfService : ***  307365.4933  ***  ISysSourceLookupService shutdown(super) started.
307361 INFO  [si.isystem.eclipse.debug - 0] ISysAbstractDsfService : ***  307365.5377  ***  ISysSourceLookupService shutdown(super) finished.
307361 INFO  [si.isystem.eclipse.debug - 0] ISysAbstractDsfService : ***  307365.5691  ***  ISysSourceLookupService shutdown(main) started.
307361 INFO  [si.isystem.eclipse.debug - 0] ISysAbstractDsfService : ***  307365.7302  ***  ISysSourceLookupService shutdown(main) finished.
307361 INFO  [si.isystem.eclipse.debug - 0] ISysAbstractDsfService : ***  307365.7703  ***  ISysSourceLookupService shutdown(sub) finished.
307361 INFO  [si.isystem.eclipse.debug - 0] ISysAbstractDsfService : ***  307365.8513  ***  ISysMemoryService shutdown(super) started.
307361 INFO  [si.isystem.eclipse.debug - 0] ISysAbstractDsfService : ***  307365.8973  ***  ISysMemoryService shutdown(super) finished.
307361 INFO  [si.isystem.eclipse.debug - 0] ISysAbstractDsfService : ***  307365.9364  ***  ISysMemoryService shutdown(main) started.
307361 INFO  [si.isystem.eclipse.debug - 0] ISysAbstractDsfService : ***  307365.9701  ***  ISysMemoryService removed from service event listener list
307362 INFO  [si.isystem.eclipse.debug - 0] ISysAbstractDsfService : ***  307366.1553  ***  ISysMemoryService shutdown(main) finished.
307362 INFO  [si.isystem.eclipse.debug - 0] ISysAbstractDsfService : ***  307366.1925  ***  ISysMemoryService shutdown(sub) finished.
307362 INFO  [si.isystem.eclipse.debug - 0] ISysAbstractDsfService : ***  307366.2313  ***  ISysStackService shutdown(super) started.
307362 INFO  [si.isystem.eclipse.debug - 0] ISysAbstractDsfService : ***  307366.272  ***  ISysStackService shutdown(super) finished.
307362 INFO  [si.isystem.eclipse.debug - 0] ISysAbstractDsfService : ***  307366.3046  ***  ISysStackService shutdown(main) started.
307362 INFO  [si.isystem.eclipse.debug - 0] ISysAbstractDsfService : ***  307366.3346  ***  ISysStackService removed from service event listener list
307362 INFO  [si.isystem.eclipse.debug - 0] ISysAbstractDsfService : ***  307366.5122  ***  ISysStackService shutdown(main) finished.
307362 INFO  [si.isystem.eclipse.debug - 0] ISysAbstractDsfService : ***  307366.5651  ***  ISysStackService shutdown(sub) finished.
307362 INFO  [si.isystem.eclipse.debug - 0] ISysAbstractDsfService : ***  307366.6099  ***  ISysRunControl shutdown(super) started.
307362 INFO  [si.isystem.eclipse.debug - 0] ISysAbstractDsfService : ***  307366.6542  ***  ISysRunControl shutdown(super) finished.
307362 INFO  [si.isystem.eclipse.debug - 0] ISysAbstractDsfService : ***  307366.6966  ***  ISysRunControl shutdown(main) started.
307362 INFO  [si.isystem.eclipse.debug - 0] ISysAbstractDsfService : ***  307366.7301  ***  ISysRunControl removed from service event listener list
307362 INFO  [si.isystem.eclipse.debug - 0] ISysAbstractDsfService : ***  307366.9073  ***  ISysRunControl shutdown(main) finished.
307362 INFO  [si.isystem.eclipse.debug - 0] ISysAbstractDsfService : ***  307366.9489  ***  ISysRunControl shutdown(sub) finished.
307362 INFO  [si.isystem.eclipse.debug - 0] ISysAbstractDsfService : ***  307366.9881  ***  ISysCommandControl shutdown(super) started.
307363 INFO  [si.isystem.eclipse.debug - 0] ISysAbstractDsfService : ***  307367.0326  ***  ISysCommandControl shutdown(super) finished.
307363 INFO  [si.isystem.eclipse.debug - 0] ISysAbstractDsfService : ***  307367.0633  ***  ISysCommandControl shutdown(main) started.
307363 INFO  [si.isystem.eclipse.debug - 0] ISysAbstractDsfService : ***  307367.2339  ***  ISysCommandControl shutdown(main) finished.
307363 INFO  [si.isystem.eclipse.debug - 0] ISysAbstractDsfService : ***  307367.2737  ***  ISysCommandControl shutdown(sub) finished.
307363 INFO  [si.isystem.eclipse.debug - 0] ISysAbstractDsfService : ***  307367.3275  ***  ISysConnectionService shutdown(super) started.
307363 INFO  [si.isystem.eclipse.debug - 0] IConnectProxy : ***  307367.4404  ***  Shutting down iConnect for cores: [0, 3]
307363 INFO  [si.isystem.eclipse.debug - 0] IConnectProxy : ***  307367.4928  ***  Disconnecting from and closing winIDEA on core 0.
307615 INFO  [si.isystem.eclipse.debug - 0] IConnectProxy : ***  307620.06  ***  iConnect for core 3 was never initialized - skipping.
307615 INFO  [si.isystem.eclipse.debug - 0] ISysAbstractDsfService : ***  307620.3474  ***  ISysConnectionService shutdown(super) finished.
307615 INFO  [si.isystem.eclipse.debug - 0] ISysAbstractDsfService : ***  307620.3968  ***  ISysConnectionService shutdown(main) started.
307615 INFO  [si.isystem.eclipse.debug - 0] ISysAbstractDsfService : ***  307620.4303  ***  ISysConnectionService shutdown(main) finished.
307615 INFO  [si.isystem.eclipse.debug - 0] ISysAbstractDsfService : ***  307620.4645  ***  ISysConnectionService shutdown(sub) finished.
307616 INFO  [si.isystem.eclipse.debug - 0] ISysLaunch : ***  307620.5862  ***  Debug services shutdown completed.
347448 INFO  [si.isystem.eclipse.debug - 0] ISysAbstractDsfService : ***  347451.9094  ***  ISysConnectionService initialization(super) started.
347448 INFO  [si.isystem.eclipse.debug - 0] IConLaunchManager : ***  347452.3298  ***  
Starting debug session using launch configuration paramenters: 
 - Launch name = 'Led1 TriCore Debug (TASKING)'
 - Project name = 'Led1'
 - Project path = 'C:/Proyectos/20220123 Control Motores/3-Software/Desarrollo/Led1'
 - Output file = 'TriCore Debug (TASKING)\Led1.elf'
 - Stop on startup = 'true'
 - Stop on startup location = 'core0_main'
 - Verbose mode = false' - Invisible winIDEA = 'true'
 - Bring winIDEA to top = 'true'
 - Verify download = 'true'
 - Analyze source files = 'false'
 - Shutdown winIDEA at terminate session = 'true'
 - Save winIDEA workspace = 'true'
 - winIDEA workspace path = '.ads/winIDEAWorkspaces/TriCore-Debug-(TASKING)/ADS.xjrf'
 - full winIDEA workspace path = 'C:\Proyectos\20220123 Control Motores\3-Software\Desarrollo\Led1\.ads\winIDEAWorkspaces\TriCore-Debug-(TASKING)\ADS.xjrf'
 - Device = 'TC375T'
 - Hardware = 'IFX_DAS'
 - Communication = 'USB'
 - Hardware debugger = ''
 - Image check = 'Default'
 - Create SMP = 'true'

347449 INFO  [si.isystem.eclipse.debug - 0] ISysSessionManager : ***  347452.6992  ***  Connecting to winIDEA 'C:\Infineon\AURIX-Studio-1.10.6\winIDEA\' with workspace 'C:\Proyectos\20220123 Control Motores\3-Software\Desarrollo\Led1\.ads\winIDEAWorkspaces\TriCore-Debug-(TASKING)\ADS.xjrf', winIDEA-ID: 'com.tasking.winIDEA.instance.id-Led1 TriCore Debug (TASKING)', visible: false, CLI args: '/HideCrashDumpMessage'
350424 INFO  [si.isystem.eclipse.debug - 0] ISysConfigOptions : ***  350427.7881  ***  DAS Servers:
350424 INFO  [si.isystem.eclipse.debug - 0] ISysConfigOptions : ***  350428.0073  ***  [i] = 'IFX_DAS: DAS JDS AURIX LITE KIT V2.0 (TC375) LK7KKLPW [USB]'
350425 INFO  [si.isystem.eclipse.debug - 0] ISysConfigOptions : ***  350428.1229  ***  Loading DAS Server list finished. [295ms]
350462 INFO  [si.isystem.eclipse.debug - 0] ISysSessionManager : ***  350465.6988  ***  Connected to winIDEA and setup workspace.
350462 INFO  [si.isystem.eclipse.debug - 0] ISysSessionManager : ***  350465.8359  ***  Version of isystem.connect for Java: 9.21.259.0
350462 INFO  [si.isystem.eclipse.debug - 0] ISysSessionManager : ***  350465.9251  ***  Version of isystem.connect DLL: 9.21.259.0.0
350463 INFO  [si.isystem.eclipse.debug - 0] ISysSessionManager : ***  350466.3266  ***  Version of winIDEA: 9.21.253
350463 INFO  [si.isystem.eclipse.debug - 0] ISysSessionManager : ***  350466.3867  ***  Downloading ...
352103 INFO  [si.isystem.eclipse.debug - 0] ISysSessionManager : ***  352106.1008  ***  Downloading finished.
352214 INFO  [si.isystem.eclipse.debug - 0] IConLaunchManager : ***  352217.4912  ***  Connected to target.
352214 INFO  [si.isystem.eclipse.debug - 0] IConLaunchManager : ***  352217.608  ***  Log level set to INFO
352286 INFO  [si.isystem.eclipse.debug - 0] ISysAbstractDsfService : ***  352289.9101  ***  ISysConnectionService initialization(super) finished.
352286 INFO  [si.isystem.eclipse.debug - 0] ISysAbstractDsfService : ***  352290.0052  ***  ISysConnectionService initialization(main) started.
352286 INFO  [si.isystem.eclipse.debug - 0] ISysAbstractDsfService : ***  352290.0647  ***  ISysConnectionService initialization(main) finished.
352287 INFO  [si.isystem.eclipse.debug - 0] ISysAbstractDsfService : ***  352290.11  ***  ISysConnectionService initialization(sub) finished.
352287 INFO  [si.isystem.eclipse.debug - 0] ISysAbstractDsfService : ***  352290.1633  ***  ISysCommandControl initialization(super) started.
352287 INFO  [Worker-12: Command Executor Job] ISysAbstractDsfService : ***  352290.3332  ***  Command Executor Job started.
352287 INFO  [si.isystem.eclipse.debug - 0] ISysAbstractDsfService : ***  352290.5237  ***  ISysCommandControl initialization(super) finished.
352287 INFO  [si.isystem.eclipse.debug - 0] ISysAbstractDsfService : ***  352290.5638  ***  ISysCommandControl initialization(main) started.
352287 INFO  [si.isystem.eclipse.debug - 0] ISysAbstractDsfService : ***  352290.614  ***  ISysCommandControl initialization(main) finished.
352287 INFO  [si.isystem.eclipse.debug - 0] ISysAbstractDsfService : ***  352290.6482  ***  ISysCommandControl initialization(sub) finished.
352287 INFO  [si.isystem.eclipse.debug - 0] ISysAbstractDsfService : ***  352290.6947  ***  ISysRunControl initialization(super) started.
352289 INFO  [si.isystem.eclipse.debug - 0] ISysAbstractDsfService : ***  352292.8878  ***  ISysRunControl initialization(super) finished.
352289 INFO  [si.isystem.eclipse.debug - 0] ISysAbstractDsfService : ***  352292.9584  ***  ISysRunControl initialization(main) started.
352289 INFO  [si.isystem.eclipse.debug - 0] ISysAbstractDsfService : ***  352293.0545  ***  ISysRunControl specified as service event listener (method: eventDispatched)
352290 INFO  [si.isystem.eclipse.debug - 0] ISysAbstractDsfService : ***  352293.1547  ***  ISysRunControl initialization(main) finished.
352292 INFO  [si.isystem.eclipse.debug - 0] ISysAbstractDsfService : ***  352296.0153  ***  ISysRunControl initialization(sub) finished.
352293 INFO  [si.isystem.eclipse.debug - 0] ISysAbstractDsfService : ***  352296.2777  ***  ISysStackService initialization(super) started.
352293 INFO  [si.isystem.eclipse.debug - 0] ISysAbstractDsfService : ***  352296.8254  ***  ISysStackService initialization(super) finished.
352293 INFO  [si.isystem.eclipse.debug - 0] ISysAbstractDsfService : ***  352296.9266  ***  ISysStackService initialization(main) started.
352293 INFO  [si.isystem.eclipse.debug - 0] ISysAbstractDsfService : ***  352296.992  ***  ISysStackService specified as service event listener (method: eventDispatched)
352293 INFO  [si.isystem.eclipse.debug - 0] ISysAbstractDsfService : ***  352297.0511  ***  ISysStackService initialization(main) finished.
352294 INFO  [si.isystem.eclipse.debug - 0] ISysAbstractDsfService : ***  352297.0864  ***  ISysStackService initialization(sub) finished.
352294 INFO  [si.isystem.eclipse.debug - 0] ISysAbstractDsfService : ***  352297.1358  ***  ISysMemoryService initialization(super) started.
352294 INFO  [si.isystem.eclipse.debug - 0] ISysAbstractDsfService : ***  352297.2451  ***  Starting Memory Service sub-initialization sequence.
352294 INFO  [si.isystem.eclipse.debug - 0] ISysAbstractDsfService : ***  352297.3173  ***  ISysMemoryService initialization(super) finished.
352294 INFO  [si.isystem.eclipse.debug - 0] ISysAbstractDsfService : ***  352297.352  ***  ISysMemoryService initialization(main) started.
352294 INFO  [si.isystem.eclipse.debug - 0] ISysAbstractDsfService : ***  352297.3841  ***  ISysMemoryService specified as service event listener (method: eventDispatched)
352294 INFO  [si.isystem.eclipse.debug - 0] ISysAbstractDsfService : ***  352297.4267  ***  ISysMemoryService initialization(main) finished.
352294 INFO  [si.isystem.eclipse.debug - 0] ISysAbstractDsfService : ***  352297.4664  ***  Initializing Memory Service command cache.
352294 INFO  [si.isystem.eclipse.debug - 0] ISysAbstractDsfService : ***  352297.5079  ***  Memory Service command cache initialized.
352294 INFO  [si.isystem.eclipse.debug - 0] ISysAbstractDsfService : ***  352297.5405  ***  Initializing Memory Service block retrieval.
352297 INFO  [si.isystem.eclipse.debug - 0] ISysAbstractDsfService : ***  352300.2231  ***  Memory Service block retrieval initialized.
352297 INFO  [si.isystem.eclipse.debug - 0] ISysAbstractDsfService : ***  352300.3997  ***  Loading memory area properties.
352301 INFO  [si.isystem.eclipse.debug - 0] ISysAbstractDsfService : ***  352304.1195  ***  Adding 1 memory blocks.
352301 INFO  [si.isystem.eclipse.debug - 0] ISysAbstractDsfService : ***  352304.337  ***  Block 'Virtual' [00000000:ffffffff] MAU=8 visible
352301 INFO  [si.isystem.eclipse.debug - 0] ISysAbstractDsfService : ***  352304.3991  ***  Memory Service block retrieval initialized.
352301 INFO  [si.isystem.eclipse.debug - 0] ISysAbstractDsfService : ***  352304.4613  ***  Registering memory model adapter and service.
352301 INFO  [si.isystem.eclipse.debug - 0] ISysAbstractDsfService : ***  352305.0483  ***  Memory model adapter and service registered.
352302 INFO  [si.isystem.eclipse.debug - 0] ISysAbstractDsfService : ***  352305.117  ***  ISysMemoryService initialization(sub) finished.
352302 INFO  [si.isystem.eclipse.debug - 0] ISysAbstractDsfService : ***  352305.1767  ***  ISysSourceLookupService initialization(super) started.
352302 INFO  [si.isystem.eclipse.debug - 0] ISysAbstractDsfService : ***  352305.476  ***  ISysSourceLookupService initialization(super) finished.
352302 INFO  [si.isystem.eclipse.debug - 0] ISysAbstractDsfService : ***  352305.5168  ***  ISysSourceLookupService initialization(main) started.
352302 INFO  [si.isystem.eclipse.debug - 0] ISysAbstractDsfService : ***  352305.5576  ***  ISysSourceLookupService initialization(main) finished.
352302 INFO  [si.isystem.eclipse.debug - 0] ISysAbstractDsfService : ***  352305.5851  ***  ISysSourceLookupService initialization(sub) finished.
352302 INFO  [si.isystem.eclipse.debug - 0] ISysAbstractDsfService : ***  352305.6243  ***  ISysExpressionsService initialization(super) started.
352302 INFO  [si.isystem.eclipse.debug - 0] ISysAbstractDsfService : ***  352305.9876  ***  ISysExpressionsService initialization(super) finished.
352302 INFO  [si.isystem.eclipse.debug - 0] ISysAbstractDsfService : ***  352306.0549  ***  ISysExpressionsService initialization(main) started.
352303 INFO  [si.isystem.eclipse.debug - 0] ISysAbstractDsfService : ***  352306.1349  ***  ISysExpressionsService specified as service event listener (method: eventDispatched)
352303 INFO  [si.isystem.eclipse.debug - 0] ISysAbstractDsfService : ***  352306.1957  ***  ISysExpressionsService initialization(main) finished.
352303 INFO  [si.isystem.eclipse.debug - 0] ISysAbstractDsfService : ***  352306.2289  ***  ISysExpressionsService initialization(sub) finished.
352303 INFO  [si.isystem.eclipse.debug - 0] ISysAbstractDsfService : ***  352306.2743  ***  ISysRegistersService initialization(super) started.
352304 INFO  [si.isystem.eclipse.debug - 0] ISysAbstractDsfService : ***  352307.4621  ***  ISysRegistersService initialization(super) finished.
352304 INFO  [si.isystem.eclipse.debug - 0] ISysAbstractDsfService : ***  352307.5372  ***  ISysRegistersService initialization(main) started.
352304 INFO  [si.isystem.eclipse.debug - 0] ISysAbstractDsfService : ***  352307.5859  ***  ISysRegistersService specified as service event listener (method: eventDispatched)
352304 INFO  [si.isystem.eclipse.debug - 0] ISysAbstractDsfService : ***  352307.6329  ***  ISysRegistersService initialization(main) finished.
352304 INFO  [si.isystem.eclipse.debug - 0] ISysAbstractDsfService : ***  352307.6636  ***  ISysRegistersService initialization(sub) finished.
352304 INFO  [si.isystem.eclipse.debug - 0] ISysAbstractDsfService : ***  352307.7014  ***  ISysDisassemblyService initialization(super) started.
352305 INFO  [si.isystem.eclipse.debug - 0] ISysAbstractDsfService : ***  352308.1893  ***  ISysDisassemblyService initialization(super) finished.
352305 INFO  [si.isystem.eclipse.debug - 0] ISysAbstractDsfService : ***  352308.2293  ***  ISysDisassemblyService initialization(main) started.
352305 INFO  [si.isystem.eclipse.debug - 0] ISysAbstractDsfService : ***  352308.2625  ***  ISysDisassemblyService initialization(main) finished.
352305 INFO  [si.isystem.eclipse.debug - 0] ISysAbstractDsfService : ***  352308.286  ***  ISysDisassemblyService initialization(sub) finished.
352305 INFO  [si.isystem.eclipse.debug - 0] ISysAbstractDsfService : ***  352308.3194  ***  ISysSfrService initialization(super) started.
352305 INFO  [si.isystem.eclipse.debug - 0] ISysAbstractDsfService : ***  352308.6302  ***  ISysSfrService initialization(super) finished.
352305 INFO  [si.isystem.eclipse.debug - 0] ISysAbstractDsfService : ***  352308.6635  ***  ISysSfrService initialization(main) started.
352305 INFO  [si.isystem.eclipse.debug - 0] ISysAbstractDsfService : ***  352308.7562  ***  ISysSfrService specified as service event listener (method: eventDispatched)
352305 INFO  [si.isystem.eclipse.debug - 0] ISysAbstractDsfService : ***  352308.8012  ***  ISysSfrService initialization(main) finished.
352951 INFO  [si.isystem.eclipse.debug - 0] ISysAbstractDsfService : ***  352955.2595  ***  ISysSfrService initialization(sub) finished.
352951 INFO  [si.isystem.eclipse.debug - 0] ISysAbstractDsfService : ***  352955.3544  ***  ISysRteService initialization(super) started.
352952 INFO  [si.isystem.eclipse.debug - 0] ISysAbstractDsfService : ***  352955.616  ***  ISysRteService initialization(super) finished.
352952 INFO  [si.isystem.eclipse.debug - 0] ISysAbstractDsfService : ***  352955.6415  ***  ISysRteService initialization(main) started.
352952 INFO  [si.isystem.eclipse.debug - 0] ISysAbstractDsfService : ***  352955.6642  ***  ISysRteService specified as service event listener (method: eventDispatched)
352952 INFO  [si.isystem.eclipse.debug - 0] ISysAbstractDsfService : ***  352955.692  ***  ISysRteService initialization(main) finished.
352952 INFO  [si.isystem.eclipse.debug - 0] ISysAbstractDsfService : ***  352955.7116  ***  ISysRteService initialization(sub) finished.
352952 INFO  [si.isystem.eclipse.debug - 0] ISysAbstractDsfService : ***  352955.7324  ***  ISysBreakpointService initialization(super) started.
352952 INFO  [si.isystem.eclipse.debug - 0] ISysAbstractDsfService : ***  352955.8714  ***  ISysBreakpointService initialization(super) finished.
352952 INFO  [si.isystem.eclipse.debug - 0] ISysAbstractDsfService : ***  352955.8932  ***  ISysBreakpointService initialization(main) started.
352952 INFO  [si.isystem.eclipse.debug - 0] ISysAbstractDsfService : ***  352955.912  ***  ISysBreakpointService specified as service event listener (method: eventDispatched)
352952 INFO  [si.isystem.eclipse.debug - 0] ISysAbstractDsfService : ***  352955.9345  ***  ISysBreakpointService initialization(main) finished.
352952 INFO  [si.isystem.eclipse.debug - 0] ISysAbstractDsfService : ***  352955.95  ***  ISysBreakpointService initialization(sub) finished.
352963 INFO  [si.isystem.eclipse.debug - 0] ISysLaunch : ***  352967.2964  ***  Services initialization sequence completed
417669 INFO  [Worker-12: Command Executor Job] ISysAbstractDsfService : ***  417672.0338  ***  ISysCommandControl command dequeued - exiting command processing loop
417669 INFO  [si.isystem.eclipse.debug - 0] ISysAbstractCommand : ***  417672.0515  ***  Processing the last command to be processed: si.isystem.dsf.control.commands.ISysCmdMiscTerminateDebugger
417669 INFO  [si.isystem.eclipse.debug - 0] ISysAbstractDsfService : ***  417672.1777  ***  Command Control was shut down - cancelling remaining commands in queue.
417669 INFO  [si.isystem.eclipse.debug - 0] ISysAbstractDsfService : ***  417672.2039  ***  Command Controll queue is empty and closed.
417669 INFO  [si.isystem.eclipse.debug - 0] ISysAbstractDsfService : ***  417672.6166  ***  Command Control was shut down - cancelled queueing of command ISysCmdBpRemove[ISysDebuggerDmContext(0, Led1.elf).LineBreakpointDMContext(C:\Proyectos\20220123 Control Motores\3-Software\Desarrollo\Led1\Cpu0_Main.c:104)]().

417670 INFO  [si.isystem.eclipse.debug - 0] ISysAbstractDsfService : ***  417672.6965  ***  Command Control was shut down - cancelled queueing of command ISysCmdBpRemove[ISysDebuggerDmContext(0, Led1.elf).LineBreakpointDMContext(C:\Proyectos\20220123 Control Motores\3-Software\Desarrollo\Led1\Cpu0_Main.c:115)]().

417671 INFO  [si.isystem.eclipse.debug - 0] ISysAbstractDsfService : ***  417673.7329  ***  ISysBreakpointService shutdown(super) started.
417671 INFO  [si.isystem.eclipse.debug - 0] ISysAbstractDsfService : ***  417673.779  ***  ISysBreakpointService shutdown(super) finished.
417671 INFO  [si.isystem.eclipse.debug - 0] ISysAbstractDsfService : ***  417673.796  ***  ISysBreakpointService shutdown(main) started.
417671 INFO  [si.isystem.eclipse.debug - 0] ISysAbstractDsfService : ***  417673.8129  ***  ISysBreakpointService removed from service event listener list
417671 INFO  [si.isystem.eclipse.debug - 0] ISysAbstractDsfService : ***  417673.9401  ***  ISysBreakpointService shutdown(main) finished.
417671 INFO  [si.isystem.eclipse.debug - 0] ISysAbstractDsfService : ***  417673.9639  ***  ISysBreakpointService shutdown(sub) finished.
417671 INFO  [si.isystem.eclipse.debug - 0] ISysAbstractDsfService : ***  417673.9938  ***  ISysRteService shutdown(super) started.
417671 INFO  [si.isystem.eclipse.debug - 0] ISysAbstractDsfService : ***  417674.0201  ***  ISysRteService shutdown(super) finished.
417671 INFO  [si.isystem.eclipse.debug - 0] ISysAbstractDsfService : ***  417674.0342  ***  ISysRteService shutdown(main) started.
417671 INFO  [si.isystem.eclipse.debug - 0] ISysAbstractDsfService : ***  417674.0482  ***  ISysRteService removed from service event listener list
417671 INFO  [si.isystem.eclipse.debug - 0] ISysAbstractDsfService : ***  417674.135  ***  ISysRteService shutdown(main) finished.
417671 INFO  [si.isystem.eclipse.debug - 0] ISysAbstractDsfService : ***  417674.1928  ***  ISysRteService shutdown(sub) finished.
417671 INFO  [si.isystem.eclipse.debug - 0] ISysAbstractDsfService : ***  417674.2165  ***  ISysSfrService shutdown(super) started.
417671 INFO  [si.isystem.eclipse.debug - 0] ISysAbstractDsfService : ***  417674.2406  ***  ISysSfrService shutdown(super) finished.
417671 INFO  [si.isystem.eclipse.debug - 0] ISysAbstractDsfService : ***  417674.2545  ***  ISysSfrService shutdown(main) started.
417671 INFO  [si.isystem.eclipse.debug - 0] ISysAbstractDsfService : ***  417674.2747  ***  ISysSfrService removed from service event listener list
417671 INFO  [si.isystem.eclipse.debug - 0] ISysAbstractDsfService : ***  417674.3688  ***  ISysSfrService shutdown(main) finished.
417671 INFO  [si.isystem.eclipse.debug - 0] ISysAbstractDsfService : ***  417674.4422  ***  ISysSfrService shutdown(sub) finished.
417671 INFO  [si.isystem.eclipse.debug - 0] ISysAbstractDsfService : ***  417674.4759  ***  ISysDisassemblyService shutdown(super) started.
417671 INFO  [si.isystem.eclipse.debug - 0] ISysAbstractDsfService : ***  417674.5009  ***  ISysDisassemblyService shutdown(super) finished.
417671 INFO  [si.isystem.eclipse.debug - 0] ISysAbstractDsfService : ***  417674.5156  ***  ISysDisassemblyService shutdown(main) started.
417672 INFO  [si.isystem.eclipse.debug - 0] ISysAbstractDsfService : ***  417674.6255  ***  ISysDisassemblyService shutdown(main) finished.
417672 INFO  [si.isystem.eclipse.debug - 0] ISysAbstractDsfService : ***  417674.646  ***  ISysDisassemblyService shutdown(sub) finished.
417672 INFO  [si.isystem.eclipse.debug - 0] ISysAbstractDsfService : ***  417674.6974  ***  ISysRegistersService shutdown(super) started.
417672 INFO  [si.isystem.eclipse.debug - 0] ISysAbstractDsfService : ***  417674.7358  ***  ISysRegistersService shutdown(super) finished.
417672 INFO  [si.isystem.eclipse.debug - 0] ISysAbstractDsfService : ***  417674.7585  ***  ISysRegistersService shutdown(main) started.
417672 INFO  [si.isystem.eclipse.debug - 0] ISysAbstractDsfService : ***  417674.7816  ***  ISysRegistersService removed from service event listener list
417672 INFO  [si.isystem.eclipse.debug - 0] ISysAbstractDsfService : ***  417674.9822  ***  ISysRegistersService shutdown(main) finished.
417672 INFO  [si.isystem.eclipse.debug - 0] ISysAbstractDsfService : ***  417675.014  ***  ISysRegistersService shutdown(sub) finished.
417672 INFO  [si.isystem.eclipse.debug - 0] ISysAbstractDsfService : ***  417675.0544  ***  ISysExpressionsService shutdown(super) started.
417672 INFO  [si.isystem.eclipse.debug - 0] ISysAbstractDsfService : ***  417675.0854  ***  ISysExpressionsService shutdown(super) finished.
417672 INFO  [si.isystem.eclipse.debug - 0] ISysAbstractDsfService : ***  417675.1009  ***  ISysExpressionsService shutdown(main) started.
417672 INFO  [si.isystem.eclipse.debug - 0] ISysAbstractDsfService : ***  417675.1151  ***  ISysExpressionsService removed from service event listener list
417672 INFO  [si.isystem.eclipse.debug - 0] ISysAbstractDsfService : ***  417675.252  ***  ISysExpressionsService shutdown(main) finished.
417672 INFO  [si.isystem.eclipse.debug - 0] ISysAbstractDsfService : ***  417675.2759  ***  ISysExpressionsService shutdown(sub) finished.
417672 INFO  [si.isystem.eclipse.debug - 0] ISysAbstractDsfService : ***  417675.3057  ***  ISysSourceLookupService shutdown(super) started.
417672 INFO  [si.isystem.eclipse.debug - 0] ISysAbstractDsfService : ***  417675.3282  ***  ISysSourceLookupService shutdown(super) finished.
417672 INFO  [si.isystem.eclipse.debug - 0] ISysAbstractDsfService : ***  417675.366  ***  ISysSourceLookupService shutdown(main) started.
417672 INFO  [si.isystem.eclipse.debug - 0] ISysAbstractDsfService : ***  417675.4636  ***  ISysSourceLookupService shutdown(main) finished.
417672 INFO  [si.isystem.eclipse.debug - 0] ISysAbstractDsfService : ***  417675.5043  ***  ISysSourceLookupService shutdown(sub) finished.
417672 INFO  [si.isystem.eclipse.debug - 0] ISysAbstractDsfService : ***  417675.5362  ***  ISysMemoryService shutdown(super) started.
417672 INFO  [si.isystem.eclipse.debug - 0] ISysAbstractDsfService : ***  417675.5615  ***  ISysMemoryService shutdown(super) finished.
417672 INFO  [si.isystem.eclipse.debug - 0] ISysAbstractDsfService : ***  417675.5761  ***  ISysMemoryService shutdown(main) started.
417672 INFO  [si.isystem.eclipse.debug - 0] ISysAbstractDsfService : ***  417675.5903  ***  ISysMemoryService removed from service event listener list
417673 INFO  [si.isystem.eclipse.debug - 0] ISysAbstractDsfService : ***  417675.7025  ***  ISysMemoryService shutdown(main) finished.
417673 INFO  [si.isystem.eclipse.debug - 0] ISysAbstractDsfService : ***  417675.7228  ***  ISysMemoryService shutdown(sub) finished.
417673 INFO  [si.isystem.eclipse.debug - 0] ISysAbstractDsfService : ***  417675.7437  ***  ISysStackService shutdown(super) started.
417673 INFO  [si.isystem.eclipse.debug - 0] ISysAbstractDsfService : ***  417675.7645  ***  ISysStackService shutdown(super) finished.
417673 INFO  [si.isystem.eclipse.debug - 0] ISysAbstractDsfService : ***  417675.7786  ***  ISysStackService shutdown(main) started.
417673 INFO  [si.isystem.eclipse.debug - 0] ISysAbstractDsfService : ***  417675.7923  ***  ISysStackService removed from service event listener list
417673 INFO  [si.isystem.eclipse.debug - 0] ISysAbstractDsfService : ***  417675.8882  ***  ISysStackService shutdown(main) finished.
417673 INFO  [si.isystem.eclipse.debug - 0] ISysAbstractDsfService : ***  417675.9075  ***  ISysStackService shutdown(sub) finished.
417673 INFO  [si.isystem.eclipse.debug - 0] ISysAbstractDsfService : ***  417675.9277  ***  ISysRunControl shutdown(super) started.
417673 INFO  [si.isystem.eclipse.debug - 0] ISysAbstractDsfService : ***  417675.9477  ***  ISysRunControl shutdown(super) finished.
417673 INFO  [si.isystem.eclipse.debug - 0] ISysAbstractDsfService : ***  417675.964  ***  ISysRunControl shutdown(main) started.
417673 INFO  [si.isystem.eclipse.debug - 0] ISysAbstractDsfService : ***  417675.9793  ***  ISysRunControl removed from service event listener list
417673 INFO  [si.isystem.eclipse.debug - 0] ISysAbstractDsfService : ***  417676.1243  ***  ISysRunControl shutdown(main) finished.
417673 INFO  [si.isystem.eclipse.debug - 0] ISysAbstractDsfService : ***  417676.1481  ***  ISysRunControl shutdown(sub) finished.
417673 INFO  [si.isystem.eclipse.debug - 0] ISysAbstractDsfService : ***  417676.1697  ***  ISysCommandControl shutdown(super) started.
417673 INFO  [si.isystem.eclipse.debug - 0] ISysAbstractDsfService : ***  417676.1905  ***  ISysCommandControl shutdown(super) finished.
417673 INFO  [si.isystem.eclipse.debug - 0] ISysAbstractDsfService : ***  417676.2045  ***  ISysCommandControl shutdown(main) started.
417673 INFO  [si.isystem.eclipse.debug - 0] ISysAbstractDsfService : ***  417676.3013  ***  ISysCommandControl shutdown(main) finished.
417673 INFO  [si.isystem.eclipse.debug - 0] ISysAbstractDsfService : ***  417676.3215  ***  ISysCommandControl shutdown(sub) finished.
417673 INFO  [si.isystem.eclipse.debug - 0] ISysAbstractDsfService : ***  417676.3652  ***  ISysConnectionService shutdown(super) started.
417673 INFO  [si.isystem.eclipse.debug - 0] IConnectProxy : ***  417676.4283  ***  Shutting down iConnect for cores: [0, 3]
417673 INFO  [si.isystem.eclipse.debug - 0] IConnectProxy : ***  417676.4587  ***  Disconnecting from and closing winIDEA on core 0.
417904 INFO  [si.isystem.eclipse.debug - 0] IConnectProxy : ***  417907.4241  ***  iConnect for core 3 was never initialized - skipping.
417905 INFO  [si.isystem.eclipse.debug - 0] ISysAbstractDsfService : ***  417907.6997  ***  ISysConnectionService shutdown(super) finished.
417905 INFO  [si.isystem.eclipse.debug - 0] ISysAbstractDsfService : ***  417907.7327  ***  ISysConnectionService shutdown(main) started.
417905 INFO  [si.isystem.eclipse.debug - 0] ISysAbstractDsfService : ***  417907.7472  ***  ISysConnectionService shutdown(main) finished.
417905 INFO  [si.isystem.eclipse.debug - 0] ISysAbstractDsfService : ***  417907.7625  ***  ISysConnectionService shutdown(sub) finished.
417905 INFO  [si.isystem.eclipse.debug - 0] ISysLaunch : ***  417908.4196  ***  Debug services shutdown completed.
571810 INFO  [Framework stop - Equinox Container: 9175e4e9-2d49-46e0-8ac9-22e722fd443f] ISysDebugPlugin : ***  571811.4073  ***  Stopping Plugin si.isystem.eclipse.debug
571812 INFO  [Framework stop - Equinox Container: 9175e4e9-2d49-46e0-8ac9-22e722fd443f] ISysDebugPlugin : ***  571813.5398  ***  Plugin si.isystem.eclipse.debug stopped.
